<?xml version="1.0" encoding="UTF-8"?>
<!-- Generated by org.testng.reporters.JUnitXMLReporter -->
<testsuite ignored="4" hostname="jspiders" failures="0" tests="6" name="Surefire test" time="21.039" errors="0" timestamp="2026-07-05T10:28:10 IST">
  <testcase classname="sauce.DataProvSauceDemoTest" name="add2Prod" time="3.279"/>
  <testcase classname="sauce.DataProvSauceDemoTest" name="add4Prod" time="1.493"/>
  <testcase classname="sauce.DataProvSauceDemoTest" name="add6Prod" time="1.98"/>
  <testcase classname="sauce.SauceDemoTest" name="add2Prod" time="1.111"/>
  <testcase classname="sauce.SauceDemoTest" name="add4Prod" time="1.324"/>
  <testcase classname="sauce.SauceDemoTest" name="add6Prod" time="1.632"/>
  <testcase classname="basePack.Baseclass" name="@BeforeTest beforeTest" time="0.0">
    <ignored/>
  </testcase> <!-- @BeforeTest beforeTest -->
  <testcase classname="basePack.Baseclass" name="@BeforeSuite beforeSuite" time="0.0">
    <ignored/>
  </testcase> <!-- @BeforeSuite beforeSuite -->
  <testcase classname="basePack.Baseclass" name="@AfterTest afterTest" time="0.0">
    <ignored/>
  </testcase> <!-- @AfterTest afterTest -->
  <testcase classname="basePack.Baseclass" name="@AfterSuite afterSuite" time="0.0">
    <ignored/>
  </testcase> <!-- @AfterSuite afterSuite -->
</testsuite> <!-- Surefire test -->
