<?xml version="1.0" encoding="UTF-8"?>
<!-- Generated by org.testng.reporters.JUnitXMLReporter -->
<testsuite ignored="2" hostname="jspiders" failures="0" tests="1" name="Default test" time="17.443" errors="0" timestamp="2026-07-05T12:06:08 IST">
  <testcase classname="sauce.SauceDemoTest" name="add2Prod" time="4.464"/>
  <testcase classname="sauce.SauceDemoTest" name="add6Prod" time="0.0">
    <ignored/>
  </testcase> <!-- add6Prod -->
  <testcase classname="sauce.SauceDemoTest" name="add4Prod" time="0.0">
    <ignored/>
  </testcase> <!-- add4Prod -->
</testsuite> <!-- Default test -->
