<?xml version="1.0" encoding="UTF-8"?>
<!-- Generated by org.testng.reporters.JUnitXMLReporter -->
<testsuite ignored="2" hostname="jspiders" failures="0" tests="2" name="Test" time="7.913" errors="0" timestamp="2026-06-15T10:49:47 IST">
  <testcase classname="exe.T1" name="amazon" time="2.065"/>
  <testcase classname="exe.T2" name="ajio" time="5.796"/>
  <testcase classname="exe.T2" name="myntra" time="0.0">
    <ignored/>
  </testcase> <!-- myntra -->
  <testcase classname="exe.T1" name="flipkart" time="0.0">
    <ignored/>
  </testcase> <!-- flipkart -->
</testsuite> <!-- Test -->
