<?xml version="1.0" encoding="UTF-8"?>
<!-- Generated by org.testng.reporters.JUnitXMLReporter -->
<testsuite ignored="4" hostname="jspiders" failures="0" tests="6" name="Test" time="20.408" errors="0" timestamp="2026-06-25T10:36:33 IST">
  <testcase classname="sauce.SauceDemoTest" name="add2Prod" time="3.263"/>
  <testcase classname="sauce.SauceDemoTest" name="add4Prod" time="1.307"/>
  <testcase classname="sauce.SauceDemoTest" name="add6Prod" time="1.639"/>
  <testcase classname="sauce.SauceDemoTest2" name="add2Prod" time="0.955"/>
  <testcase classname="sauce.SauceDemoTest2" name="add4Prod" time="1.311"/>
  <testcase classname="sauce.SauceDemoTest2" name="add6Prod" time="1.626"/>
  <testcase classname="basePack.Baseclass" name="@BeforeTest beforeTest" time="0.0">
    <ignored/>
  </testcase> <!-- @BeforeTest beforeTest -->
  <testcase classname="basePack.Baseclass" name="@AfterSuite afterSuite" time="0.0">
    <ignored/>
  </testcase> <!-- @AfterSuite afterSuite -->
  <testcase classname="basePack.Baseclass" name="@AfterTest afterTest" time="0.0">
    <ignored/>
  </testcase> <!-- @AfterTest afterTest -->
  <testcase classname="basePack.Baseclass" name="@BeforeSuite beforeSuite" time="0.0">
    <ignored/>
  </testcase> <!-- @BeforeSuite beforeSuite -->
</testsuite> <!-- Test -->
