<?xml version="1.0" encoding="UTF-8"?>
<!-- Generated by org.testng.reporters.JUnitXMLReporter -->
<testsuite ignored="0" hostname="jspiders" failures="0" tests="5" name="Test" time="26.151" errors="0" timestamp="2026-07-02T11:31:07 IST">
  <testcase classname="exe.T1" name="amazon" time="4.103"/>
  <testcase classname="exe.T1" name="flipkart" time="5.563"/>
  <testcase classname="sauce.SauceDemoTest" name="add2Prod" time="2.657"/>
  <testcase classname="sauce.SauceDemoTest" name="add4Prod" time="0.938"/>
  <testcase classname="sauce.SauceDemoTest" name="add6Prod" time="1.111"/>
</testsuite> <!-- Test -->
