<?xml version="1.0" encoding="UTF-8"?>
<testsuite xmlns:xsi="http://www.w3.org/2001/XMLSchema-instance" xsi:noNamespaceSchemaLocation="https://maven.apache.org/surefire/maven-surefire-plugin/xsd/surefire-test-report-3.0.xsd" version="3.0" name="TestSuite" time="10.699" tests="6" errors="0" skipped="0" failures="0">
  <properties>
[...]
</properties>
  <testcase name="add2Prod" classname="sauce.DataProvSauceDemoTest" time="1.104">
    <system-out><![CDATA[Report configuration started
Connected To DataBase
Pre-Conditions Satisfied
Launched the Browser Successfully
Browser Launched
Login Successfull
=====add2Prod Execution STARTED=====
2026-07-03T06:55:00.691123900Z main ERROR Log4j API could not find a logging provider.
]]></system-out>
    <system-err><![CDATA[SLF4J(W): No SLF4J providers were found.
SLF4J(W): Defaulting to no-operation (NOP) logger implementation
SLF4J(W): See https://www.slf4j.org/codes.html#noProviders for further details.
Jul 03, 2026 12:24:59 PM org.openqa.selenium.devtools.CdpVersionFinder findNearestMatch
WARNING: Unable to find an exact match for CDP version 149, returning the closest version; found: 148; Please update to a Selenium version that supports CDP version 149
]]></system-err>
  </testcase>
  <testcase name="add4Prod" classname="sauce.DataProvSauceDemoTest" time="0.456">
    <system-out><![CDATA[=====add2ProdSUCCESS=====
Logged Out Successfully
Login Successfull
=====add4Prod Execution STARTED=====
]]></system-out>
  </testcase>
  <testcase name="add6Prod" classname="sauce.DataProvSauceDemoTest" time="0.542">
    <system-out><![CDATA[=====add4ProdSUCCESS=====
Logged Out Successfully
Login Successfull
=====add6Prod Execution STARTED=====
]]></system-out>
  </testcase>
  <testcase name="add2Prod" classname="sauce.SauceDemoTest" time="0.516">
    <system-out><![CDATA[=====add6ProdSUCCESS=====
Logged Out Successfully
Closed the browser Successfully
Launched the Browser Successfully
Browser Launched
Login Successfull
=====add2Prod Execution STARTED=====
]]></system-out>
    <system-err><![CDATA[Jul 03, 2026 12:25:04 PM org.openqa.selenium.devtools.CdpVersionFinder findNearestMatch
WARNING: Unable to find an exact match for CDP version 149, returning the closest version; found: 148; Please update to a Selenium version that supports CDP version 149
]]></system-err>
  </testcase>
  <testcase name="add4Prod" classname="sauce.SauceDemoTest" time="0.45">
    <system-out><![CDATA[=====add2ProdSUCCESS=====
Logged Out Successfully
Login Successfull
=====add4Prod Execution STARTED=====
]]></system-out>
  </testcase>
  <testcase name="add6Prod" classname="sauce.SauceDemoTest" time="0.584">
    <system-out><![CDATA[=====add4ProdSUCCESS=====
Logged Out Successfully
Login Successfull
=====add6Prod Execution STARTED=====
]]></system-out>
  </testcase>
</testsuite>