<?xml version="1.0" encoding="UTF-8"?>
<testng-results ignored="0" total="6" passed="6" failed="0" skipped="0">
  <reporter-output>
    <line>
      <![CDATA[Report configuration started]]>
    </line>
    <line>
      <![CDATA[Connected To DataBase]]>
    </line>
    <line>
      <![CDATA[Pre-Conditions Satisfied]]>
    </line>
    <line>
      <![CDATA[Browser Launched]]>
    </line>
    <line>
      <![CDATA[Login Successfull]]>
    </line>
    <line>
      <![CDATA[=====add2Prod Execution STARTED=====]]>
    </line>
    <line>
      <![CDATA[=====add2ProdSUCCESS=====]]>
    </line>
    <line>
      <![CDATA[Logged Out Successfully]]>
    </line>
    <line>
      <![CDATA[Login Successfull]]>
    </line>
    <line>
      <![CDATA[=====add4Prod Execution STARTED=====]]>
    </line>
    <line>
      <![CDATA[=====add4ProdSUCCESS=====]]>
    </line>
    <line>
      <![CDATA[Logged Out Successfully]]>
    </line>
    <line>
      <![CDATA[Login Successfull]]>
    </line>
    <line>
      <![CDATA[=====add6Prod Execution STARTED=====]]>
    </line>
    <line>
      <![CDATA[=====add6ProdSUCCESS=====]]>
    </line>
    <line>
      <![CDATA[Logged Out Successfully]]>
    </line>
    <line>
      <![CDATA[Closed the browser Successfully]]>
    </line>
    <line>
      <![CDATA[Browser Launched]]>
    </line>
    <line>
      <![CDATA[Login Successfull]]>
    </line>
    <line>
      <![CDATA[=====add2Prod Execution STARTED=====]]>
    </line>
    <line>
      <![CDATA[=====add2ProdSUCCESS=====]]>
    </line>
    <line>
      <![CDATA[Logged Out Successfully]]>
    </line>
    <line>
      <![CDATA[Login Successfull]]>
    </line>
    <line>
      <![CDATA[=====add4Prod Execution STARTED=====]]>
    </line>
    <line>
      <![CDATA[=====add4ProdSUCCESS=====]]>
    </line>
    <line>
      <![CDATA[Logged Out Successfully]]>
    </line>
    <line>
      <![CDATA[Login Successfull]]>
    </line>
    <line>
      <![CDATA[=====add6Prod Execution STARTED=====]]>
    </line>
    <line>
      <![CDATA[=====add6ProdSUCCESS=====]]>
    </line>
    <line>
      <![CDATA[Logged Out Successfully]]>
    </line>
    <line>
      <![CDATA[Closed the browser Successfully]]>
    </line>
    <line>
      <![CDATA[Post-Conditions Satisfied]]>
    </line>
    <line>
      <![CDATA[Disconnected To DataBase ]]>
    </line>
  </reporter-output>
  <suite started-at="2026-07-05T10:27:49 IST" name="Surefire suite" finished-at="2026-07-05T10:28:10 IST" duration-ms="21039">
    <groups>
    </groups>
    <test started-at="2026-07-05T10:27:49 IST" name="Surefire test" finished-at="2026-07-05T10:28:10 IST" duration-ms="21039">
      <class name="sauce.DataProvSauceDemoTest">
        <test-method is-config="true" signature="beforeSuite()[pri:0, instance:sauce.DataProvSauceDemoTest@a9cd3b1]" started-at="2026-07-05T10:27:49 IST" name="beforeSuite" finished-at="2026-07-05T10:27:49 IST" duration-ms="11" status="PASS">
          <reporter-output>
            <line>
              <![CDATA[Connected To DataBase]]>
            </line>
          </reporter-output>
        </test-method> <!-- beforeSuite -->
        <test-method is-config="true" signature="beforeTest()[pri:0, instance:sauce.DataProvSauceDemoTest@a9cd3b1]" started-at="2026-07-05T10:27:49 IST" name="beforeTest" finished-at="2026-07-05T10:27:49 IST" duration-ms="1" status="PASS">
          <reporter-output>
            <line>
              <![CDATA[Pre-Conditions Satisfied]]>
            </line>
          </reporter-output>
        </test-method> <!-- beforeTest -->
        <test-method is-config="true" signature="beforeClass(java.lang.String)[pri:0, instance:sauce.DataProvSauceDemoTest@a9cd3b1]" started-at="2026-07-05T10:27:49 IST" name="beforeClass" finished-at="2026-07-05T10:27:51 IST" duration-ms="1842" status="PASS">
          <params>
            <param index="0">
              <value>
                <![CDATA[]]>
              </value>
            </param>
          </params>
          <reporter-output>
            <line>
              <![CDATA[Browser Launched]]>
            </line>
          </reporter-output>
        </test-method> <!-- beforeClass -->
        <test-method is-config="true" signature="beforeMethod()[pri:0, instance:sauce.DataProvSauceDemoTest@a9cd3b1]" started-at="2026-07-05T10:27:51 IST" name="beforeMethod" finished-at="2026-07-05T10:27:52 IST" duration-ms="1174" status="PASS">
          <reporter-output>
            <line>
              <![CDATA[Login Successfull]]>
            </line>
          </reporter-output>
        </test-method> <!-- beforeMethod -->
        <test-method signature="add2Prod()[pri:0, instance:sauce.DataProvSauceDemoTest@a9cd3b1]" started-at="2026-07-05T10:27:52 IST" name="add2Prod" finished-at="2026-07-05T10:27:55 IST" duration-ms="3279" status="PASS">
          <reporter-output>
            <line>
              <![CDATA[=====add2Prod Execution STARTED=====]]>
            </line>
            <line>
              <![CDATA[=====add2ProdSUCCESS=====]]>
            </line>
          </reporter-output>
        </test-method> <!-- add2Prod -->
        <test-method is-config="true" signature="afterMethod()[pri:0, instance:sauce.DataProvSauceDemoTest@a9cd3b1]" started-at="2026-07-05T10:27:55 IST" name="afterMethod" finished-at="2026-07-05T10:27:56 IST" duration-ms="407" status="PASS">
          <reporter-output>
            <line>
              <![CDATA[Logged Out Successfully]]>
            </line>
          </reporter-output>
        </test-method> <!-- afterMethod -->
        <test-method is-config="true" signature="beforeMethod()[pri:0, instance:sauce.DataProvSauceDemoTest@a9cd3b1]" started-at="2026-07-05T10:27:56 IST" name="beforeMethod" finished-at="2026-07-05T10:27:56 IST" duration-ms="593" status="PASS">
          <reporter-output>
            <line>
              <![CDATA[Login Successfull]]>
            </line>
          </reporter-output>
        </test-method> <!-- beforeMethod -->
        <test-method signature="add4Prod()[pri:0, instance:sauce.DataProvSauceDemoTest@a9cd3b1]" started-at="2026-07-05T10:27:56 IST" name="add4Prod" finished-at="2026-07-05T10:27:58 IST" duration-ms="1493" status="PASS">
          <reporter-output>
            <line>
              <![CDATA[=====add4Prod Execution STARTED=====]]>
            </line>
            <line>
              <![CDATA[=====add4ProdSUCCESS=====]]>
            </line>
          </reporter-output>
        </test-method> <!-- add4Prod -->
        <test-method is-config="true" signature="afterMethod()[pri:0, instance:sauce.DataProvSauceDemoTest@a9cd3b1]" started-at="2026-07-05T10:27:58 IST" name="afterMethod" finished-at="2026-07-05T10:27:58 IST" duration-ms="405" status="PASS">
          <reporter-output>
            <line>
              <![CDATA[Logged Out Successfully]]>
            </line>
          </reporter-output>
        </test-method> <!-- afterMethod -->
        <test-method is-config="true" signature="beforeMethod()[pri:0, instance:sauce.DataProvSauceDemoTest@a9cd3b1]" started-at="2026-07-05T10:27:58 IST" name="beforeMethod" finished-at="2026-07-05T10:27:59 IST" duration-ms="472" status="PASS">
          <reporter-output>
            <line>
              <![CDATA[Login Successfull]]>
            </line>
          </reporter-output>
        </test-method> <!-- beforeMethod -->
        <test-method signature="add6Prod()[pri:0, instance:sauce.DataProvSauceDemoTest@a9cd3b1]" started-at="2026-07-05T10:27:59 IST" name="add6Prod" finished-at="2026-07-05T10:28:01 IST" duration-ms="1980" status="PASS">
          <reporter-output>
            <line>
              <![CDATA[=====add6Prod Execution STARTED=====]]>
            </line>
            <line>
              <![CDATA[=====add6ProdSUCCESS=====]]>
            </line>
          </reporter-output>
        </test-method> <!-- add6Prod -->
        <test-method is-config="true" signature="afterMethod()[pri:0, instance:sauce.DataProvSauceDemoTest@a9cd3b1]" started-at="2026-07-05T10:28:01 IST" name="afterMethod" finished-at="2026-07-05T10:28:01 IST" duration-ms="414" status="PASS">
          <reporter-output>
            <line>
              <![CDATA[Logged Out Successfully]]>
            </line>
          </reporter-output>
        </test-method> <!-- afterMethod -->
        <test-method is-config="true" signature="afterClass()[pri:0, instance:sauce.DataProvSauceDemoTest@a9cd3b1]" started-at="2026-07-05T10:28:01 IST" name="afterClass" finished-at="2026-07-05T10:28:01 IST" duration-ms="428" status="PASS">
          <reporter-output>
            <line>
              <![CDATA[Closed the browser Successfully]]>
            </line>
          </reporter-output>
        </test-method> <!-- afterClass -->
        <test-method is-config="true" signature="afterTest()[pri:0, instance:sauce.DataProvSauceDemoTest@a9cd3b1]" started-at="2026-07-05T10:28:10 IST" name="afterTest" finished-at="2026-07-05T10:28:10 IST" duration-ms="1" status="PASS">
          <reporter-output>
            <line>
              <![CDATA[Post-Conditions Satisfied]]>
            </line>
          </reporter-output>
        </test-method> <!-- afterTest -->
        <test-method is-config="true" signature="afterSuite()[pri:0, instance:sauce.DataProvSauceDemoTest@a9cd3b1]" started-at="2026-07-05T10:28:10 IST" name="afterSuite" finished-at="2026-07-05T10:28:10 IST" duration-ms="0" status="PASS">
          <reporter-output>
            <line>
              <![CDATA[Disconnected To DataBase ]]>
            </line>
          </reporter-output>
        </test-method> <!-- afterSuite -->
      </class> <!-- sauce.DataProvSauceDemoTest -->
      <class name="sauce.SauceDemoTest">
        <test-method is-config="true" signature="beforeClass(java.lang.String)[pri:0, instance:sauce.SauceDemoTest@6580cfdd]" started-at="2026-07-05T10:28:01 IST" name="beforeClass" finished-at="2026-07-05T10:28:02 IST" duration-ms="927" status="PASS">
          <params>
            <param index="0">
              <value>
                <![CDATA[]]>
              </value>
            </param>
          </params>
          <reporter-output>
            <line>
              <![CDATA[Browser Launched]]>
            </line>
          </reporter-output>
        </test-method> <!-- beforeClass -->
        <test-method is-config="true" signature="beforeMethod()[pri:0, instance:sauce.SauceDemoTest@6580cfdd]" started-at="2026-07-05T10:28:02 IST" name="beforeMethod" finished-at="2026-07-05T10:28:03 IST" duration-ms="1036" status="PASS">
          <reporter-output>
            <line>
              <![CDATA[Login Successfull]]>
            </line>
          </reporter-output>
        </test-method> <!-- beforeMethod -->
        <test-method signature="add2Prod()[pri:0, instance:sauce.SauceDemoTest@6580cfdd]" started-at="2026-07-05T10:28:03 IST" name="add2Prod" finished-at="2026-07-05T10:28:04 IST" duration-ms="1111" status="PASS">
          <reporter-output>
            <line>
              <![CDATA[=====add2Prod Execution STARTED=====]]>
            </line>
            <line>
              <![CDATA[=====add2ProdSUCCESS=====]]>
            </line>
          </reporter-output>
        </test-method> <!-- add2Prod -->
        <test-method is-config="true" signature="afterMethod()[pri:0, instance:sauce.SauceDemoTest@6580cfdd]" started-at="2026-07-05T10:28:05 IST" name="afterMethod" finished-at="2026-07-05T10:28:05 IST" duration-ms="338" status="PASS">
          <reporter-output>
            <line>
              <![CDATA[Logged Out Successfully]]>
            </line>
          </reporter-output>
        </test-method> <!-- afterMethod -->
        <test-method is-config="true" signature="beforeMethod()[pri:0, instance:sauce.SauceDemoTest@6580cfdd]" started-at="2026-07-05T10:28:05 IST" name="beforeMethod" finished-at="2026-07-05T10:28:05 IST" duration-ms="525" status="PASS">
          <reporter-output>
            <line>
              <![CDATA[Login Successfull]]>
            </line>
          </reporter-output>
        </test-method> <!-- beforeMethod -->
        <test-method signature="add4Prod()[pri:0, instance:sauce.SauceDemoTest@6580cfdd]" started-at="2026-07-05T10:28:05 IST" name="add4Prod" finished-at="2026-07-05T10:28:07 IST" duration-ms="1324" status="PASS">
          <reporter-output>
            <line>
              <![CDATA[=====add4Prod Execution STARTED=====]]>
            </line>
            <line>
              <![CDATA[=====add4ProdSUCCESS=====]]>
            </line>
          </reporter-output>
        </test-method> <!-- add4Prod -->
        <test-method is-config="true" signature="afterMethod()[pri:0, instance:sauce.SauceDemoTest@6580cfdd]" started-at="2026-07-05T10:28:07 IST" name="afterMethod" finished-at="2026-07-05T10:28:07 IST" duration-ms="415" status="PASS">
          <reporter-output>
            <line>
              <![CDATA[Logged Out Successfully]]>
            </line>
          </reporter-output>
        </test-method> <!-- afterMethod -->
        <test-method is-config="true" signature="beforeMethod()[pri:0, instance:sauce.SauceDemoTest@6580cfdd]" started-at="2026-07-05T10:28:07 IST" name="beforeMethod" finished-at="2026-07-05T10:28:08 IST" duration-ms="486" status="PASS">
          <reporter-output>
            <line>
              <![CDATA[Login Successfull]]>
            </line>
          </reporter-output>
        </test-method> <!-- beforeMethod -->
        <test-method signature="add6Prod()[pri:0, instance:sauce.SauceDemoTest@6580cfdd]" started-at="2026-07-05T10:28:08 IST" name="add6Prod" finished-at="2026-07-05T10:28:09 IST" duration-ms="1632" status="PASS">
          <reporter-output>
            <line>
              <![CDATA[=====add6Prod Execution STARTED=====]]>
            </line>
            <line>
              <![CDATA[=====add6ProdSUCCESS=====]]>
            </line>
          </reporter-output>
        </test-method> <!-- add6Prod -->
        <test-method is-config="true" signature="afterMethod()[pri:0, instance:sauce.SauceDemoTest@6580cfdd]" started-at="2026-07-05T10:28:09 IST" name="afterMethod" finished-at="2026-07-05T10:28:10 IST" duration-ms="333" status="PASS">
          <reporter-output>
            <line>
              <![CDATA[Logged Out Successfully]]>
            </line>
          </reporter-output>
        </test-method> <!-- afterMethod -->
        <test-method is-config="true" signature="afterClass()[pri:0, instance:sauce.SauceDemoTest@6580cfdd]" started-at="2026-07-05T10:28:10 IST" name="afterClass" finished-at="2026-07-05T10:28:10 IST" duration-ms="315" status="PASS">
          <reporter-output>
            <line>
              <![CDATA[Closed the browser Successfully]]>
            </line>
          </reporter-output>
        </test-method> <!-- afterClass -->
      </class> <!-- sauce.SauceDemoTest -->
    </test> <!-- Surefire test -->
  </suite> <!-- Surefire suite -->
</testng-results>
