<?xml version="1.0" encoding="UTF-8"?>
<testng-results ignored="0" total="6" passed="6" failed="0" skipped="0">
  <reporter-output>
    <line>
      <![CDATA[Report configuration started]]>
    </line>
    <line>
      <![CDATA[Connected To DataBase]]>
    </line>
    <line>
      <![CDATA[Pre-Conditions Satisfied]]>
    </line>
    <line>
      <![CDATA[Browser Launched]]>
    </line>
    <line>
      <![CDATA[Login Successfull]]>
    </line>
    <line>
      <![CDATA[=====add2Prod Execution STARTED=====]]>
    </line>
    <line>
      <![CDATA[=====add2ProdSUCCESS=====]]>
    </line>
    <line>
      <![CDATA[Logged Out Successfully]]>
    </line>
    <line>
      <![CDATA[Login Successfull]]>
    </line>
    <line>
      <![CDATA[=====add4Prod Execution STARTED=====]]>
    </line>
    <line>
      <![CDATA[=====add4ProdSUCCESS=====]]>
    </line>
    <line>
      <![CDATA[Logged Out Successfully]]>
    </line>
    <line>
      <![CDATA[Login Successfull]]>
    </line>
    <line>
      <![CDATA[=====add6Prod Execution STARTED=====]]>
    </line>
    <line>
      <![CDATA[=====add6ProdSUCCESS=====]]>
    </line>
    <line>
      <![CDATA[Logged Out Successfully]]>
    </line>
    <line>
      <![CDATA[Closed the browser Successfully]]>
    </line>
    <line>
      <![CDATA[Browser Launched]]>
    </line>
    <line>
      <![CDATA[Login Successfull]]>
    </line>
    <line>
      <![CDATA[=====add2Prod Execution STARTED=====]]>
    </line>
    <line>
      <![CDATA[=====add2ProdSUCCESS=====]]>
    </line>
    <line>
      <![CDATA[Logged Out Successfully]]>
    </line>
    <line>
      <![CDATA[Login Successfull]]>
    </line>
    <line>
      <![CDATA[=====add4Prod Execution STARTED=====]]>
    </line>
    <line>
      <![CDATA[=====add4ProdSUCCESS=====]]>
    </line>
    <line>
      <![CDATA[Logged Out Successfully]]>
    </line>
    <line>
      <![CDATA[Login Successfull]]>
    </line>
    <line>
      <![CDATA[=====add6Prod Execution STARTED=====]]>
    </line>
    <line>
      <![CDATA[=====add6ProdSUCCESS=====]]>
    </line>
    <line>
      <![CDATA[Logged Out Successfully]]>
    </line>
    <line>
      <![CDATA[Closed the browser Successfully]]>
    </line>
    <line>
      <![CDATA[Post-Conditions Satisfied]]>
    </line>
    <line>
      <![CDATA[Disconnected To DataBase ]]>
    </line>
  </reporter-output>
  <suite started-at="2026-07-03T12:24:57 IST" name="Surefire suite" finished-at="2026-07-03T12:25:08 IST" duration-ms="10290">
    <groups>
    </groups>
    <test started-at="2026-07-03T12:24:57 IST" name="Surefire test" finished-at="2026-07-03T12:25:08 IST" duration-ms="10290">
      <class name="sauce.DataProvSauceDemoTest">
        <test-method is-config="true" signature="beforeSuite()[pri:0, instance:sauce.DataProvSauceDemoTest@a9cd3b1]" started-at="2026-07-03T12:24:57 IST" name="beforeSuite" finished-at="2026-07-03T12:24:57 IST" duration-ms="9" status="PASS">
          <reporter-output>
            <line>
              <![CDATA[Connected To DataBase]]>
            </line>
          </reporter-output>
        </test-method> <!-- beforeSuite -->
        <test-method is-config="true" signature="beforeTest()[pri:0, instance:sauce.DataProvSauceDemoTest@a9cd3b1]" started-at="2026-07-03T12:24:57 IST" name="beforeTest" finished-at="2026-07-03T12:24:57 IST" duration-ms="1" status="PASS">
          <reporter-output>
            <line>
              <![CDATA[Pre-Conditions Satisfied]]>
            </line>
          </reporter-output>
        </test-method> <!-- beforeTest -->
        <test-method is-config="true" signature="beforeClass(java.lang.String)[pri:0, instance:sauce.DataProvSauceDemoTest@a9cd3b1]" started-at="2026-07-03T12:24:57 IST" name="beforeClass" finished-at="2026-07-03T12:24:59 IST" duration-ms="1488" status="PASS">
          <params>
            <param index="0">
              <value>
                <![CDATA[]]>
              </value>
            </param>
          </params>
          <reporter-output>
            <line>
              <![CDATA[Browser Launched]]>
            </line>
          </reporter-output>
        </test-method> <!-- beforeClass -->
        <test-method is-config="true" signature="beforeMethod()[pri:0, instance:sauce.DataProvSauceDemoTest@a9cd3b1]" started-at="2026-07-03T12:24:59 IST" name="beforeMethod" finished-at="2026-07-03T12:25:00 IST" duration-ms="1152" status="PASS">
          <reporter-output>
            <line>
              <![CDATA[Login Successfull]]>
            </line>
          </reporter-output>
        </test-method> <!-- beforeMethod -->
        <test-method signature="add2Prod()[pri:0, instance:sauce.DataProvSauceDemoTest@a9cd3b1]" started-at="2026-07-03T12:25:00 IST" name="add2Prod" finished-at="2026-07-03T12:25:01 IST" duration-ms="1102" status="PASS">
          <reporter-output>
            <line>
              <![CDATA[=====add2Prod Execution STARTED=====]]>
            </line>
            <line>
              <![CDATA[=====add2ProdSUCCESS=====]]>
            </line>
          </reporter-output>
        </test-method> <!-- add2Prod -->
        <test-method is-config="true" signature="afterMethod()[pri:0, instance:sauce.DataProvSauceDemoTest@a9cd3b1]" started-at="2026-07-03T12:25:01 IST" name="afterMethod" finished-at="2026-07-03T12:25:01 IST" duration-ms="177" status="PASS">
          <reporter-output>
            <line>
              <![CDATA[Logged Out Successfully]]>
            </line>
          </reporter-output>
        </test-method> <!-- afterMethod -->
        <test-method is-config="true" signature="beforeMethod()[pri:0, instance:sauce.DataProvSauceDemoTest@a9cd3b1]" started-at="2026-07-03T12:25:01 IST" name="beforeMethod" finished-at="2026-07-03T12:25:02 IST" duration-ms="195" status="PASS">
          <reporter-output>
            <line>
              <![CDATA[Login Successfull]]>
            </line>
          </reporter-output>
        </test-method> <!-- beforeMethod -->
        <test-method signature="add4Prod()[pri:0, instance:sauce.DataProvSauceDemoTest@a9cd3b1]" started-at="2026-07-03T12:25:02 IST" name="add4Prod" finished-at="2026-07-03T12:25:02 IST" duration-ms="456" status="PASS">
          <reporter-output>
            <line>
              <![CDATA[=====add4Prod Execution STARTED=====]]>
            </line>
            <line>
              <![CDATA[=====add4ProdSUCCESS=====]]>
            </line>
          </reporter-output>
        </test-method> <!-- add4Prod -->
        <test-method is-config="true" signature="afterMethod()[pri:0, instance:sauce.DataProvSauceDemoTest@a9cd3b1]" started-at="2026-07-03T12:25:02 IST" name="afterMethod" finished-at="2026-07-03T12:25:02 IST" duration-ms="145" status="PASS">
          <reporter-output>
            <line>
              <![CDATA[Logged Out Successfully]]>
            </line>
          </reporter-output>
        </test-method> <!-- afterMethod -->
        <test-method is-config="true" signature="beforeMethod()[pri:0, instance:sauce.DataProvSauceDemoTest@a9cd3b1]" started-at="2026-07-03T12:25:02 IST" name="beforeMethod" finished-at="2026-07-03T12:25:02 IST" duration-ms="157" status="PASS">
          <reporter-output>
            <line>
              <![CDATA[Login Successfull]]>
            </line>
          </reporter-output>
        </test-method> <!-- beforeMethod -->
        <test-method signature="add6Prod()[pri:0, instance:sauce.DataProvSauceDemoTest@a9cd3b1]" started-at="2026-07-03T12:25:02 IST" name="add6Prod" finished-at="2026-07-03T12:25:03 IST" duration-ms="543" status="PASS">
          <reporter-output>
            <line>
              <![CDATA[=====add6Prod Execution STARTED=====]]>
            </line>
            <line>
              <![CDATA[=====add6ProdSUCCESS=====]]>
            </line>
          </reporter-output>
        </test-method> <!-- add6Prod -->
        <test-method is-config="true" signature="afterMethod()[pri:0, instance:sauce.DataProvSauceDemoTest@a9cd3b1]" started-at="2026-07-03T12:25:03 IST" name="afterMethod" finished-at="2026-07-03T12:25:03 IST" duration-ms="180" status="PASS">
          <reporter-output>
            <line>
              <![CDATA[Logged Out Successfully]]>
            </line>
          </reporter-output>
        </test-method> <!-- afterMethod -->
        <test-method is-config="true" signature="afterClass()[pri:0, instance:sauce.DataProvSauceDemoTest@a9cd3b1]" started-at="2026-07-03T12:25:03 IST" name="afterClass" finished-at="2026-07-03T12:25:03 IST" duration-ms="143" status="PASS">
          <reporter-output>
            <line>
              <![CDATA[Closed the browser Successfully]]>
            </line>
          </reporter-output>
        </test-method> <!-- afterClass -->
        <test-method is-config="true" signature="afterTest()[pri:0, instance:sauce.DataProvSauceDemoTest@a9cd3b1]" started-at="2026-07-03T12:25:08 IST" name="afterTest" finished-at="2026-07-03T12:25:08 IST" duration-ms="1" status="PASS">
          <reporter-output>
            <line>
              <![CDATA[Post-Conditions Satisfied]]>
            </line>
          </reporter-output>
        </test-method> <!-- afterTest -->
        <test-method is-config="true" signature="afterSuite()[pri:0, instance:sauce.DataProvSauceDemoTest@a9cd3b1]" started-at="2026-07-03T12:25:08 IST" name="afterSuite" finished-at="2026-07-03T12:25:08 IST" duration-ms="1" status="PASS">
          <reporter-output>
            <line>
              <![CDATA[Disconnected To DataBase ]]>
            </line>
          </reporter-output>
        </test-method> <!-- afterSuite -->
      </class> <!-- sauce.DataProvSauceDemoTest -->
      <class name="sauce.SauceDemoTest">
        <test-method is-config="true" signature="beforeClass(java.lang.String)[pri:0, instance:sauce.SauceDemoTest@6580cfdd]" started-at="2026-07-03T12:25:03 IST" name="beforeClass" finished-at="2026-07-03T12:25:04 IST" duration-ms="814" status="PASS">
          <params>
            <param index="0">
              <value>
                <![CDATA[]]>
              </value>
            </param>
          </params>
          <reporter-output>
            <line>
              <![CDATA[Browser Launched]]>
            </line>
          </reporter-output>
        </test-method> <!-- beforeClass -->
        <test-method is-config="true" signature="beforeMethod()[pri:0, instance:sauce.SauceDemoTest@6580cfdd]" started-at="2026-07-03T12:25:04 IST" name="beforeMethod" finished-at="2026-07-03T12:25:05 IST" duration-ms="1066" status="PASS">
          <reporter-output>
            <line>
              <![CDATA[Login Successfull]]>
            </line>
          </reporter-output>
        </test-method> <!-- beforeMethod -->
        <test-method signature="add2Prod()[pri:0, instance:sauce.SauceDemoTest@6580cfdd]" started-at="2026-07-03T12:25:05 IST" name="add2Prod" finished-at="2026-07-03T12:25:06 IST" duration-ms="516" status="PASS">
          <reporter-output>
            <line>
              <![CDATA[=====add2Prod Execution STARTED=====]]>
            </line>
            <line>
              <![CDATA[=====add2ProdSUCCESS=====]]>
            </line>
          </reporter-output>
        </test-method> <!-- add2Prod -->
        <test-method is-config="true" signature="afterMethod()[pri:0, instance:sauce.SauceDemoTest@6580cfdd]" started-at="2026-07-03T12:25:06 IST" name="afterMethod" finished-at="2026-07-03T12:25:06 IST" duration-ms="227" status="PASS">
          <reporter-output>
            <line>
              <![CDATA[Logged Out Successfully]]>
            </line>
          </reporter-output>
        </test-method> <!-- afterMethod -->
        <test-method is-config="true" signature="beforeMethod()[pri:0, instance:sauce.SauceDemoTest@6580cfdd]" started-at="2026-07-03T12:25:06 IST" name="beforeMethod" finished-at="2026-07-03T12:25:06 IST" duration-ms="195" status="PASS">
          <reporter-output>
            <line>
              <![CDATA[Login Successfull]]>
            </line>
          </reporter-output>
        </test-method> <!-- beforeMethod -->
        <test-method signature="add4Prod()[pri:0, instance:sauce.SauceDemoTest@6580cfdd]" started-at="2026-07-03T12:25:06 IST" name="add4Prod" finished-at="2026-07-03T12:25:07 IST" duration-ms="449" status="PASS">
          <reporter-output>
            <line>
              <![CDATA[=====add4Prod Execution STARTED=====]]>
            </line>
            <line>
              <![CDATA[=====add4ProdSUCCESS=====]]>
            </line>
          </reporter-output>
        </test-method> <!-- add4Prod -->
        <test-method is-config="true" signature="afterMethod()[pri:0, instance:sauce.SauceDemoTest@6580cfdd]" started-at="2026-07-03T12:25:07 IST" name="afterMethod" finished-at="2026-07-03T12:25:07 IST" duration-ms="206" status="PASS">
          <reporter-output>
            <line>
              <![CDATA[Logged Out Successfully]]>
            </line>
          </reporter-output>
        </test-method> <!-- afterMethod -->
        <test-method is-config="true" signature="beforeMethod()[pri:0, instance:sauce.SauceDemoTest@6580cfdd]" started-at="2026-07-03T12:25:07 IST" name="beforeMethod" finished-at="2026-07-03T12:25:07 IST" duration-ms="168" status="PASS">
          <reporter-output>
            <line>
              <![CDATA[Login Successfull]]>
            </line>
          </reporter-output>
        </test-method> <!-- beforeMethod -->
        <test-method signature="add6Prod()[pri:0, instance:sauce.SauceDemoTest@6580cfdd]" started-at="2026-07-03T12:25:07 IST" name="add6Prod" finished-at="2026-07-03T12:25:07 IST" duration-ms="585" status="PASS">
          <reporter-output>
            <line>
              <![CDATA[=====add6Prod Execution STARTED=====]]>
            </line>
            <line>
              <![CDATA[=====add6ProdSUCCESS=====]]>
            </line>
          </reporter-output>
        </test-method> <!-- add6Prod -->
        <test-method is-config="true" signature="afterMethod()[pri:0, instance:sauce.SauceDemoTest@6580cfdd]" started-at="2026-07-03T12:25:07 IST" name="afterMethod" finished-at="2026-07-03T12:25:08 IST" duration-ms="154" status="PASS">
          <reporter-output>
            <line>
              <![CDATA[Logged Out Successfully]]>
            </line>
          </reporter-output>
        </test-method> <!-- afterMethod -->
        <test-method is-config="true" signature="afterClass()[pri:0, instance:sauce.SauceDemoTest@6580cfdd]" started-at="2026-07-03T12:25:08 IST" name="afterClass" finished-at="2026-07-03T12:25:08 IST" duration-ms="137" status="PASS">
          <reporter-output>
            <line>
              <![CDATA[Closed the browser Successfully]]>
            </line>
          </reporter-output>
        </test-method> <!-- afterClass -->
      </class> <!-- sauce.SauceDemoTest -->
    </test> <!-- Surefire test -->
  </suite> <!-- Surefire suite -->
</testng-results>
