<?xml version="1.0" encoding="UTF-8"?>
<testng-results ignored="2" total="3" passed="1" failed="0" skipped="0">
  <reporter-output>
    <line>
      <![CDATA[Connected To DataBase]]>
    </line>
    <line>
      <![CDATA[Pre-Conditions Satisfied]]>
    </line>
    <line>
      <![CDATA[Browser Launched]]>
    </line>
    <line>
      <![CDATA[Login Successfull]]>
    </line>
    <line>
      <![CDATA[Logged Out Successfully]]>
    </line>
    <line>
      <![CDATA[Closed the browser Successfully]]>
    </line>
    <line>
      <![CDATA[Post-Conditions Satisfied]]>
    </line>
    <line>
      <![CDATA[Disconnected To DataBase ]]>
    </line>
  </reporter-output>
  <suite started-at="2026-07-05T12:05:50 IST" name="Default suite" finished-at="2026-07-05T12:06:07 IST" duration-ms="17443">
    <groups>
    </groups>
    <test started-at="2026-07-05T12:05:50 IST" name="Default test" finished-at="2026-07-05T12:06:07 IST" duration-ms="17443">
      <class name="sauce.SauceDemoTest">
        <test-method is-config="true" signature="beforeSuite()[pri:0, instance:sauce.SauceDemoTest@4b2bac3f]" started-at="2026-07-05T12:05:50 IST" name="beforeSuite" finished-at="2026-07-05T12:05:50 IST" duration-ms="13" status="PASS">
          <reporter-output>
            <line>
              <![CDATA[Connected To DataBase]]>
            </line>
          </reporter-output>
        </test-method> <!-- beforeSuite -->
        <test-method is-config="true" signature="beforeTest()[pri:0, instance:sauce.SauceDemoTest@4b2bac3f]" started-at="2026-07-05T12:05:50 IST" name="beforeTest" finished-at="2026-07-05T12:05:50 IST" duration-ms="1" status="PASS">
          <reporter-output>
            <line>
              <![CDATA[Pre-Conditions Satisfied]]>
            </line>
          </reporter-output>
        </test-method> <!-- beforeTest -->
        <test-method is-config="true" signature="beforeClass(java.lang.String)[pri:0, instance:sauce.SauceDemoTest@4b2bac3f]" started-at="2026-07-05T12:05:50 IST" name="beforeClass" finished-at="2026-07-05T12:05:57 IST" duration-ms="6693" status="PASS">
          <params>
            <param index="0">
              <value>
                <![CDATA[]]>
              </value>
            </param>
          </params>
          <reporter-output>
            <line>
              <![CDATA[Browser Launched]]>
            </line>
          </reporter-output>
        </test-method> <!-- beforeClass -->
        <test-method is-config="true" signature="beforeMethod()[pri:0, instance:sauce.SauceDemoTest@4b2bac3f]" started-at="2026-07-05T12:05:57 IST" name="beforeMethod" finished-at="2026-07-05T12:06:02 IST" duration-ms="5207" status="PASS">
          <reporter-output>
            <line>
              <![CDATA[Login Successfull]]>
            </line>
          </reporter-output>
        </test-method> <!-- beforeMethod -->
        <test-method signature="add2Prod()[pri:0, instance:sauce.SauceDemoTest@4b2bac3f]" started-at="2026-07-05T12:06:02 IST" name="add2Prod" finished-at="2026-07-05T12:06:07 IST" duration-ms="4464" status="PASS">
          <reporter-output>
          </reporter-output>
        </test-method> <!-- add2Prod -->
        <test-method is-config="true" signature="afterMethod()[pri:0, instance:sauce.SauceDemoTest@4b2bac3f]" started-at="2026-07-05T12:06:07 IST" name="afterMethod" finished-at="2026-07-05T12:06:07 IST" duration-ms="484" status="PASS">
          <reporter-output>
            <line>
              <![CDATA[Logged Out Successfully]]>
            </line>
          </reporter-output>
        </test-method> <!-- afterMethod -->
        <test-method is-config="true" signature="afterClass()[pri:0, instance:sauce.SauceDemoTest@4b2bac3f]" started-at="2026-07-05T12:06:07 IST" name="afterClass" finished-at="2026-07-05T12:06:07 IST" duration-ms="477" status="PASS">
          <reporter-output>
            <line>
              <![CDATA[Closed the browser Successfully]]>
            </line>
          </reporter-output>
        </test-method> <!-- afterClass -->
        <test-method is-config="true" signature="afterTest()[pri:0, instance:sauce.SauceDemoTest@4b2bac3f]" started-at="2026-07-05T12:06:07 IST" name="afterTest" finished-at="2026-07-05T12:06:07 IST" duration-ms="1" status="PASS">
          <reporter-output>
            <line>
              <![CDATA[Post-Conditions Satisfied]]>
            </line>
          </reporter-output>
        </test-method> <!-- afterTest -->
        <test-method is-config="true" signature="afterSuite()[pri:0, instance:sauce.SauceDemoTest@4b2bac3f]" started-at="2026-07-05T12:06:08 IST" name="afterSuite" finished-at="2026-07-05T12:06:08 IST" duration-ms="1" status="PASS">
          <reporter-output>
            <line>
              <![CDATA[Disconnected To DataBase ]]>
            </line>
          </reporter-output>
        </test-method> <!-- afterSuite -->
      </class> <!-- sauce.SauceDemoTest -->
    </test> <!-- Default test -->
  </suite> <!-- Default suite -->
</testng-results>
