<?xml version="1.0" encoding="UTF-8"?>
<!-- Generated by org.testng.reporters.JUnitReportReporter -->
<testsuite hostname="jspiders" failures="0" tests="3" name="sauce.SauceDemoTest" time="9.061" errors="0" timestamp="2026-06-11T11:57:57 IST" skipped="0">
  <testcase classname="sauce.SauceDemoTest" name="add4Prod" time="2.731"/>
  <testcase classname="sauce.SauceDemoTest" name="add2Prod" time="3.735"/>
  <testcase classname="sauce.SauceDemoTest" name="add6Prod" time="2.595"/>
  <system-out>
    <![CDATA[Connected To DataBase 
Pre-Conditions Satisfied
Browser Launched
Login Successfull
Logged Out Successfully
Login Successfull
Logged Out Successfully
Login Successfull
Logged Out Successfully
Closed the browser Successfully
Browser Launched
Login Successfull
Logged Out Successfully
Login Successfull
Logged Out Successfully
Login Successfull
Logged Out Successfully
Closed the browser Successfully
Post-Conditions Satisfied
Disconnected To DataBase ]]>
  </system-out>
</testsuite> <!-- sauce.SauceDemoTest -->
