<?xml version="1.0" encoding="UTF-8"?>
<!-- Generated by org.testng.reporters.JUnitReportReporter -->
<testsuite hostname="jspiders" failures="0" tests="1" name="sauce.SauceDemoTest" time="5.054" errors="0" timestamp="2026-06-26T11:46:22 IST" skipped="0">
  <testcase classname="sauce.SauceDemoTest" name="add2Prod" time="5.054"/>
  <system-out>
    <![CDATA[Connected To DataBase
Pre-Conditions Satisfied
Browser Launched
Login Successfull
Logged Out Successfully
Closed the browser Successfully
Post-Conditions Satisfied
Disconnected To DataBase ]]>
  </system-out>
</testsuite> <!-- sauce.SauceDemoTest -->
