<?xml version="1.0" encoding="UTF-8"?>
<!-- Generated by org.testng.reporters.JUnitReportReporter -->
<testsuite hostname="jspiders" failures="0" tests="2" name="exe.T1" time="24.624" errors="0" timestamp="2026-06-26T11:06:24 IST" skipped="0">
  <testcase classname="exe.T1" name="amazon" time="9.586"/>
  <testcase classname="exe.T1" name="flipkart" time="15.038"/>
  <system-out>
    <![CDATA[Connected To DataBase
Pre-Conditions Satisfied
Browser Launched
Login Successfull
Logged Out Successfully
Login Successfull
Logged Out Successfully
Login Successfull
Logged Out Successfully
Closed the browser Successfully
Post-Conditions Satisfied
Disconnected To DataBase ]]>
  </system-out>
</testsuite> <!-- exe.T1 -->
