<?xml version="1.0" encoding="UTF-8"?>
<!-- Generated by org.testng.reporters.JUnitReportReporter -->
<testsuite hostname="jspiders" failures="0" tests="2" name="exe.T1" time="9.666" errors="0" timestamp="2026-07-02T11:31:07 IST" skipped="0">
  <testcase classname="exe.T1" name="amazon" time="4.103">
    <system-out>
      <![CDATA[=====amazon Execution STARTED=====
=====amazonSUCCESS=====]]>
    </system-out>
  </testcase> <!-- amazon -->
  <testcase classname="exe.T1" name="flipkart" time="5.563">
    <system-out>
      <![CDATA[=====flipkart Execution STARTED=====
=====flipkartSUCCESS=====]]>
    </system-out>
  </testcase> <!-- flipkart -->
  <system-out>
    <![CDATA[Report configuration started
Connected To DataBase
Pre-Conditions Satisfied
=====amazon Execution STARTED=====
=====amazonSUCCESS=====
=====flipkart Execution STARTED=====
=====flipkartSUCCESS=====
Browser Launched
Login Successfull
=====add2Prod Execution STARTED=====
=====add2ProdSUCCESS=====
Logged Out Successfully
Login Successfull
=====add4Prod Execution STARTED=====
=====add4ProdSUCCESS=====
Logged Out Successfully
Login Successfull
=====add6Prod Execution STARTED=====
=====add6ProdSUCCESS=====
Logged Out Successfully
Closed the browser Successfully
Post-Conditions Satisfied
Disconnected To DataBase ]]>
  </system-out>
</testsuite> <!-- exe.T1 -->
