<?xml version="1.0" encoding="UTF-8"?>
<!-- Generated by org.testng.reporters.JUnitReportReporter -->
<testsuite hostname="jspiders" failures="0" tests="3" name="sauce.SauceDemoTest" time="3.566" errors="0" timestamp="2026-07-03T12:25:08 IST" skipped="0">
  <testcase classname="sauce.SauceDemoTest" name="add2Prod" time="0.917">
    <system-out>
      <![CDATA[=====add2Prod Execution STARTED=====
=====add2ProdSUCCESS=====]]>
    </system-out>
  </testcase> <!-- add2Prod -->
  <testcase classname="sauce.SauceDemoTest" name="add4Prod" time="0.771">
    <system-out>
      <![CDATA[=====add4Prod Execution STARTED=====
=====add4ProdSUCCESS=====]]>
    </system-out>
  </testcase> <!-- add4Prod -->
  <testcase classname="sauce.SauceDemoTest" name="add6Prod" time="1.878">
    <system-out>
      <![CDATA[=====add6Prod Execution STARTED=====
=====add6ProdSUCCESS=====]]>
    </system-out>
  </testcase> <!-- add6Prod -->
  <system-out>
    <![CDATA[Report configuration started
Connected To DataBase
Pre-Conditions Satisfied
Browser Launched
Login Successfull
=====add2Prod Execution STARTED=====
=====add2ProdSUCCESS=====
Logged Out Successfully
Login Successfull
=====add4Prod Execution STARTED=====
=====add4ProdSUCCESS=====
Logged Out Successfully
Login Successfull
=====add6Prod Execution STARTED=====
=====add6ProdSUCCESS=====
Logged Out Successfully
Closed the browser Successfully
Browser Launched
Login Successfull
=====add2Prod Execution STARTED=====
=====add2ProdSUCCESS=====
Logged Out Successfully
Login Successfull
=====add4Prod Execution STARTED=====
=====add4ProdSUCCESS=====
Logged Out Successfully
Login Successfull
=====add6Prod Execution STARTED=====
=====add6ProdSUCCESS=====
Logged Out Successfully
Closed the browser Successfully
Post-Conditions Satisfied
Disconnected To DataBase ]]>
  </system-out>
</testsuite> <!-- sauce.SauceDemoTest -->
